13:41:44.690 [TestNG-tests-2] TRACE io.netty.channel.nio.NioEventLoop - instrumented a special java.util.Set into: sun.nio.ch.WEPollSelectorImpl@298c1cdb
13:41:44.693 [TestNG-tests-2] TRACE io.netty.channel.nio.NioEventLoop - instrumented a special java.util.Set into: sun.nio.ch.WEPollSelectorImpl@55532dab
13:41:44.693 [TestNG-tests-2] TRACE io.netty.channel.nio.NioEventLoop - instrumented a special java.util.Set into: sun.nio.ch.WEPollSelectorImpl@57fe0cc8
13:41:44.695 [TestNG-tests-2] TRACE io.netty.channel.nio.NioEventLoop - instrumented a special java.util.Set into: sun.nio.ch.WEPollSelectorImpl@2b6d1cf8
13:41:44.696 [TestNG-tests-2] TRACE io.netty.channel.nio.NioEventLoop - instrumented a special java.util.Set into: sun.nio.ch.WEPollSelectorImpl@62cea78a
13:41:44.697 [TestNG-tests-2] TRACE io.netty.channel.nio.NioEventLoop - instrumented a special java.util.Set into: sun.nio.ch.WEPollSelectorImpl@2ebce00d
13:41:44.715 [TestNG-tests-2] DEBUG io.netty.buffer.PooledByteBufAllocator - -Dio.netty.allocator.numHeapArenas: 16
13:41:44.716 [TestNG-tests-2] DEBUG io.netty.buffer.PooledByteBufAllocator - -Dio.netty.allocator.numDirectArenas: 16
13:41:44.716 [TestNG-tests-2] DEBUG io.netty.buffer.PooledByteBufAllocator - -Dio.netty.allocator.pageSize: 8192
13:41:44.716 [TestNG-tests-2] DEBUG io.netty.buffer.PooledByteBufAllocator - -Dio.netty.allocator.maxOrder: 9
13:41:44.716 [TestNG-tests-2] DEBUG io.netty.buffer.PooledByteBufAllocator - -Dio.netty.allocator.chunkSize: 4194304
13:41:44.716 [TestNG-tests-2] DEBUG io.netty.buffer.PooledByteBufAllocator - -Dio.netty.allocator.smallCacheSize: 256
13:41:44.716 [TestNG-tests-2] DEBUG io.netty.buffer.PooledByteBufAllocator - -Dio.netty.allocator.normalCacheSize: 64
13:41:44.716 [TestNG-tests-2] DEBUG io.netty.buffer.PooledByteBufAllocator - -Dio.netty.allocator.maxCachedBufferCapacity: 32768
13:41:44.716 [TestNG-tests-2] DEBUG io.netty.buffer.PooledByteBufAllocator - -Dio.netty.allocator.cacheTrimInterval: 8192
13:41:44.716 [TestNG-tests-2] DEBUG io.netty.buffer.PooledByteBufAllocator - -Dio.netty.allocator.cacheTrimIntervalMillis: 0
13:41:44.716 [TestNG-tests-2] DEBUG io.netty.buffer.PooledByteBufAllocator - -Dio.netty.allocator.useCacheForAllThreads: false
13:41:44.716 [TestNG-tests-2] DEBUG io.netty.buffer.PooledByteBufAllocator - -Dio.netty.allocator.maxCachedByteBuffersPerChunk: 1023
13:41:44.727 [TestNG-tests-2] DEBUG io.netty.buffer.ByteBufUtil - -Dio.netty.allocator.type: pooled
13:41:44.727 [TestNG-tests-2] DEBUG io.netty.buffer.ByteBufUtil - -Dio.netty.threadLocalDirectBufferSize: 0
13:41:44.727 [TestNG-tests-2] DEBUG io.netty.buffer.ByteBufUtil - -Dio.netty.maxThreadLocalCharBufferSize: 16384
13:41:45.034 [Forwarding newSession on session null to remote] DEBUG io.netty.channel.DefaultChannelId - -Dio.netty.processId: 13168 (auto-detected)
13:41:45.035 [Forwarding newSession on session null to remote] DEBUG io.netty.util.NetUtil - -Djava.net.preferIPv4Stack: false
13:41:45.035 [Forwarding newSession on session null to remote] DEBUG io.netty.util.NetUtil - -Djava.net.preferIPv6Addresses: false
13:41:45.043 [Forwarding newSession on session null to remote] DEBUG io.netty.util.NetUtilInitializations - Loopback interface: lo (Software Loopback Interface 1, 127.0.0.1)
13:41:45.043 [Forwarding newSession on session null to remote] DEBUG io.netty.util.NetUtil - Failed to get SOMAXCONN from sysctl and file \proc\sys\net\core\somaxconn. Default: 200
13:41:45.051 [Forwarding newSession on session null to remote] DEBUG io.netty.channel.DefaultChannelId - -Dio.netty.machineId: 9c:fc:e8:ff:fe:fc:3d:e8 (auto-detected)
13:41:45.092 [AsyncHttpClient-1-3] DEBUG io.netty.buffer.AbstractByteBuf - -Dio.netty.buffer.checkAccessible: true
13:41:45.092 [AsyncHttpClient-1-3] DEBUG io.netty.buffer.AbstractByteBuf - -Dio.netty.buffer.checkBounds: true
13:41:45.092 [AsyncHttpClient-1-3] DEBUG io.netty.util.ResourceLeakDetectorFactory - Loaded default ResourceLeakDetector: io.netty.util.ResourceLeakDetector@307fe8c4
13:41:45.112 [AsyncHttpClient-1-3] DEBUG io.netty.util.Recycler - -Dio.netty.recycler.maxCapacityPerThread: 4096
13:41:45.112 [AsyncHttpClient-1-3] DEBUG io.netty.util.Recycler - -Dio.netty.recycler.ratio: 8
13:41:45.112 [AsyncHttpClient-1-3] DEBUG io.netty.util.Recycler - -Dio.netty.recycler.chunkSize: 32
13:41:45.113 [AsyncHttpClient-1-3] DEBUG io.netty.util.Recycler - -Dio.netty.recycler.blocking: false
13:41:45.113 [AsyncHttpClient-1-3] DEBUG io.netty.util.Recycler - -Dio.netty.recycler.batchFastThreadLocalOnly: true
13:41:46.075 [AsyncHttpClient-1-2] DEBUG io.netty.handler.codec.compression.Brotli - brotli4j not in the classpath; Brotli support will be unavailable.
13:41:46.287 [TestNG-tests-2] DEBUG io.netty.util.internal.ThreadLocalRandom - -Dio.netty.initialSeedUniquifier: 0xfc9ef5e2320d21de
13:41:46.555 [TestNG-tests-1] DEBUG tests.LoginTest - Browser got lunched
13:41:56.259 [TestNG-tests-1] DEBUG tests.LoginTest - Navigateed to application url
13:41:56.448 [TestNG-tests-1] DEBUG tests.LoginTest - Clicked on my account Dropdown
13:41:56.863 [TestNG-tests-1] DEBUG tests.LoginTest - Clicked on login page
13:41:57.064 [TestNG-tests-1] DEBUG tests.LoginTest - email adress got enter
13:41:57.130 [TestNG-tests-1] DEBUG tests.LoginTest -  passwor got entered
13:41:57.583 [TestNG-tests-1] DEBUG tests.LoginTest - clicked on login button
13:41:57.718 [TestNG-tests-1] DEBUG tests.LoginTest - user got login
13:41:57.722 [TestNG-tests-1] DEBUG tests.LoginTest - Login test got passed
13:41:57.812 [TestNG-tests-1] DEBUG tests.LoginTest - Browswer got clossed
13:41:58.712 [TestNG-tests-1] DEBUG tests.LoginTest - Browser got lunched
13:42:03.347 [TestNG-tests-1] DEBUG tests.LoginTest - Navigateed to application url
13:42:03.402 [TestNG-tests-1] DEBUG tests.LoginTest - Clicked on my account Dropdown
13:42:03.782 [TestNG-tests-1] DEBUG tests.LoginTest - Clicked on login page
13:42:03.870 [TestNG-tests-1] DEBUG tests.LoginTest - email adress got enter
13:42:03.951 [TestNG-tests-1] DEBUG tests.LoginTest -  passwor got entered
13:42:04.195 [TestNG-tests-1] DEBUG tests.LoginTest - clicked on login button
13:42:14.257 [TestNG-tests-1] DEBUG tests.LoginTest - user didnt login
13:42:14.258 [TestNG-tests-1] INFO  tests.LoginTest - Failure
13:42:14.258 [TestNG-tests-1] DEBUG tests.LoginTest - Login test got passed
13:42:14.312 [TestNG-tests-1] DEBUG tests.LoginTest - Browswer got clossed
